<?xml version="1.0" encoding="UTF-8"?>
<testsuite name="CodeTest" tests="4" skipped="0" failures="0" errors="0" timestamp="2022-01-14T13:14:21" hostname="Aisha.local" time="0.005">
  <properties/>
  <testcase name="testAccountLock" classname="CodeTest" time="0.0"/>
  <testcase name="testFineGrainedLock" classname="CodeTest" time="0.003"/>
  <testcase name="testNoSynchronizedMethods" classname="CodeTest" time="0.001"/>
  <testcase name="testImplFields" classname="CodeTest" time="0.0"/>
  <system-out><![CDATA[]]></system-out>
  <system-err><![CDATA[]]></system-err>
</testsuite>
