<?xml version="1.0" encoding="UTF-8"?>
<testsuite name="MTStressTest" tests="1" skipped="0" failures="0" errors="0" timestamp="2022-01-14T13:14:21" hostname="Aisha.local" time="20.02">
  <properties/>
  <testcase name="testStress" classname="MTStressTest" time="20.02"/>
  <system-out><![CDATA[Phase # 1 - done  2,114,401 ops (warm up)
Phase # 2 - done  2,202,300 ops (warm up)
Phase # 3 - done  2,193,199 ops (warm up)
Phase # 4 - done  2,242,397 ops (warm up)
Phase # 5 - done  2,215,763 ops (warm up)
Phase # 6 - done  2,161,635 ops (warm up)
Phase # 7 - done  2,195,759 ops (warm up)
Phase # 8 - done  2,158,102 ops (warm up)
Phase # 9 - done  2,154,282 ops (warm up)
Phase #10 - done  2,107,538 ops (warm up)
Phase #11 - done  2,172,282 ops (measure)
Phase #12 - done  2,075,636 ops (measure)
Phase #13 - done  2,089,587 ops (measure)
Phase #14 - done  2,194,023 ops (measure)
Phase #15 - done  2,181,780 ops (measure)
Phase #16 - done  2,685,080 ops (measure)
Phase #17 - done  2,165,635 ops (measure)
Phase #18 - done  2,205,574 ops (measure)
Phase #19 - done  2,230,462 ops (measure)
Phase #20 - done  2,169,705 ops (measure)
Average ops per phase: 2,216,976 +- 171,358
]]></system-out>
  <system-err><![CDATA[]]></system-err>
</testsuite>
