<?xml version="1.0" encoding="UTF-8"?>
<testsuite name="FunctionalTest" tests="5" skipped="0" failures="0" errors="0" timestamp="2022-01-14T13:14:21" hostname="Aisha.local" time="0.007">
  <properties/>
  <testcase name="testTotalAmount" classname="FunctionalTest" time="0.006"/>
  <testcase name="testEmptyBank" classname="FunctionalTest" time="0.0"/>
  <testcase name="testWithdraw" classname="FunctionalTest" time="0.0"/>
  <testcase name="testDeposit" classname="FunctionalTest" time="0.0"/>
  <testcase name="testTransfer" classname="FunctionalTest" time="0.0"/>
  <system-out><![CDATA[]]></system-out>
  <system-err><![CDATA[]]></system-err>
</testsuite>
