<?xml version="1.0" encoding="UTF-8"?>
<testsuite name="LinearizabilityTest" tests="1" skipped="0" failures="0" errors="0" timestamp="2022-01-14T13:13:23" hostname="Aisha.local" time="57.922">
  <properties/>
  <testcase name="test" classname="LinearizabilityTest" time="57.922"/>
  <system-out><![CDATA[]]></system-out>
  <system-err><![CDATA[]]></system-err>
</testsuite>
