<?xml version="1.0" encoding="UTF-8"?>
<testsuite name="CorrectnessTest" tests="2" skipped="0" failures="0" errors="0" timestamp="2022-01-24T19:09:53" hostname="Aisha.local" time="0.041">
  <properties/>
  <testcase name="testSpuriousWakeup" classname="CorrectnessTest" time="0.039"/>
  <testcase name="testFCFS" classname="CorrectnessTest" time="0.002"/>
  <system-out><![CDATA[]]></system-out>
  <system-err><![CDATA[]]></system-err>
</testsuite>
