<?xml version="1.0" encoding="UTF-8"?>
<testsuite name="MTStressTest" tests="1" skipped="0" failures="0" errors="0" timestamp="2022-01-26T05:14:13" hostname="Aisha.local" time="10.087">
  <properties/>
  <testcase name="testStress" classname="MTStressTest" time="10.087"/>
  <system-out><![CDATA[Phase # 1 - done  4,899,213 ops (warm up)
Phase # 2 - done  4,941,818 ops (warm up)
Phase # 3 - done  3,764,945 ops (warm up)
Phase # 4 - done  3,758,547 ops (warm up)
Phase # 5 - done  3,771,317 ops (warm up)
Phase # 6 - done  3,810,784 ops (measure)
Phase # 7 - done  3,863,862 ops (measure)
Phase # 8 - done  3,812,063 ops (measure)
Phase # 9 - done  3,871,410 ops (measure)
Phase #10 - done  3,959,311 ops (measure)
Average ops per phase: 3,863,486 +- 60,554
]]></system-out>
  <system-err><![CDATA[]]></system-err>
</testsuite>
