<?xml version="1.0" encoding="UTF-8"?>
<testsuite name="CorrectnessTest" tests="4" skipped="0" failures="0" errors="0" timestamp="2022-01-24T13:29:11" hostname="Aisha.local" time="2.063">
  <properties/>
  <testcase name="testConcurrentRandom" classname="CorrectnessTest" time="1.004"/>
  <testcase name="testSolutionClass" classname="CorrectnessTest" time="0.005"/>
  <testcase name="testRandom" classname="CorrectnessTest" time="1.047"/>
  <testcase name="testSimple" classname="CorrectnessTest" time="0.005"/>
  <system-out><![CDATA[]]></system-out>
  <system-err><![CDATA[]]></system-err>
</testsuite>
