<?xml version="1.0" encoding="UTF-8"?>
<testsuite name="LinearizabilityTest" tests="1" skipped="0" failures="0" errors="0" timestamp="2022-01-24T13:26:12" hostname="Aisha.local" time="179.221">
  <properties/>
  <testcase name="testLinearizability" classname="LinearizabilityTest" time="179.221"/>
  <system-out><![CDATA[]]></system-out>
  <system-err><![CDATA[]]></system-err>
</testsuite>
