<?xml version="1.0" encoding="UTF-8"?>
<testsuite name="FCPriorityQueueTest" tests="2" skipped="0" failures="0" errors="0" timestamp="2022-01-26T08:51:11" hostname="Aisha.local" time="322.38">
  <properties/>
  <testcase name="stressTest" classname="FCPriorityQueueTest" time="98.878"/>
  <testcase name="modelCheckingTest" classname="FCPriorityQueueTest" time="223.502"/>
  <system-out><![CDATA[
= Iteration 1 / 100 =
Execution scenario (init part):
[add(2), peek()]
Execution scenario (parallel part):
| peek()  | poll() | poll() |
| poll()  | poll() | add(6) |
| add(-6) | poll() | poll() |
Execution scenario (post part):
[poll(), poll()]

= Iteration 2 / 100 =
Execution scenario (init part):
[peek(), poll()]
Execution scenario (parallel part):
| poll() | peek() | add(-8) |
| poll() | poll() | peek()  |
| add(1) | poll() | poll()  |
Execution scenario (post part):
[poll(), peek()]

= Iteration 3 / 100 =
Execution scenario (init part):
[add(4), peek()]
Execution scenario (parallel part):
| add(-8) | poll() | poll() |
| poll()  | poll() | poll() |
| poll()  | poll() | add(5) |
Execution scenario (post part):
[poll(), peek()]

= Iteration 4 / 100 =
Execution scenario (init part):
[add(-4), poll()]
Execution scenario (parallel part):
| peek() | poll()  | poll()  |
| peek() | add(-8) | peek()  |
| peek() | peek()  | add(-2) |
Execution scenario (post part):
[peek(), add(-8)]

= Iteration 5 / 100 =
Execution scenario (init part):
[poll(), add(4)]
Execution scenario (parallel part):
| add(6) | peek() | peek() |
| poll() | add(1) | peek() |
| poll() | peek() | peek() |
Execution scenario (post part):
[add(4), add(0)]

= Iteration 6 / 100 =
Execution scenario (init part):
[add(-10), peek()]
Execution scenario (parallel part):
| poll() | peek() | add(10) |
| poll() | peek() | poll()  |
| poll() | poll() | add(4)  |
Execution scenario (post part):
[poll(), add(-9)]

= Iteration 7 / 100 =
Execution scenario (init part):
[peek(), peek()]
Execution scenario (parallel part):
| peek() | add(-7) | add(7)  |
| peek() | add(1)  | add(-8) |
| peek() | peek()  | add(6)  |
Execution scenario (post part):
[peek(), add(-4)]

= Iteration 8 / 100 =
Execution scenario (init part):
[peek(), add(9)]
Execution scenario (parallel part):
| add(-1) | poll() | peek() |
| add(10) | add(4) | add(7) |
| add(-8) | poll() | add(4) |
Execution scenario (post part):
[poll(), poll()]

= Iteration 9 / 100 =
Execution scenario (init part):
[add(1), peek()]
Execution scenario (parallel part):
| add(7) | add(-7) | add(4) |
| peek() | peek()  | poll() |
| peek() | peek()  | peek() |
Execution scenario (post part):
[peek(), add(0)]

= Iteration 10 / 100 =
Execution scenario (init part):
[peek(), add(5)]
Execution scenario (parallel part):
| add(4) | add(9) | poll() |
| poll() | peek() | peek() |
| poll() | peek() | poll() |
Execution scenario (post part):
[peek(), add(7)]

= Iteration 11 / 100 =
Execution scenario (init part):
[add(4), poll()]
Execution scenario (parallel part):
| add(3) | poll() | peek() |
| peek() | poll() | poll() |
| peek() | add(5) | peek() |
Execution scenario (post part):
[poll(), poll()]

= Iteration 12 / 100 =
Execution scenario (init part):
[poll(), peek()]
Execution scenario (parallel part):
| peek() | add(9) | poll() |
| poll() | poll() | peek() |
| peek() | poll() | poll() |
Execution scenario (post part):
[poll(), add(-3)]

= Iteration 13 / 100 =
Execution scenario (init part):
[peek(), poll()]
Execution scenario (parallel part):
| poll()   | add(3)  | poll() |
| add(-10) | add(-3) | poll() |
| poll()   | poll()  | poll() |
Execution scenario (post part):
[peek(), poll()]

= Iteration 14 / 100 =
Execution scenario (init part):
[peek(), add(-4)]
Execution scenario (parallel part):
| peek() | poll() | add(10) |
| peek() | peek() | add(2)  |
| peek() | add(8) | peek()  |
Execution scenario (post part):
[poll(), add(0)]

= Iteration 15 / 100 =
Execution scenario (init part):
[peek(), poll()]
Execution scenario (parallel part):
| peek() | poll() | peek() |
| poll() | poll() | peek() |
| add(0) | peek() | peek() |
Execution scenario (post part):
[poll(), peek()]

= Iteration 16 / 100 =
Execution scenario (init part):
[poll(), poll()]
Execution scenario (parallel part):
| peek() | add(1) | peek()  |
| peek() | poll() | add(-1) |
| poll() | add(6) | add(4)  |
Execution scenario (post part):
[poll(), peek()]

= Iteration 17 / 100 =
Execution scenario (init part):
[poll(), peek()]
Execution scenario (parallel part):
| add(9)  | poll() | add(3) |
| add(-4) | add(2) | poll() |
| add(-4) | peek() | peek() |
Execution scenario (post part):
[poll(), peek()]

= Iteration 18 / 100 =
Execution scenario (init part):
[poll(), peek()]
Execution scenario (parallel part):
| peek() | poll()  | add(3) |
| peek() | add(-5) | peek() |
| poll() | poll()  | peek() |
Execution scenario (post part):
[add(0), add(-7)]

= Iteration 19 / 100 =
Execution scenario (init part):
[add(7), poll()]
Execution scenario (parallel part):
| add(-3) | add(10) | poll()  |
| add(7)  | peek()  | poll()  |
| poll()  | poll()  | add(-8) |
Execution scenario (post part):
[add(-4), peek()]

= Iteration 20 / 100 =
Execution scenario (init part):
[poll(), poll()]
Execution scenario (parallel part):
| poll() | peek() | add(1) |
| poll() | poll() | poll() |
| poll() | peek() | peek() |
Execution scenario (post part):
[peek(), add(-7)]

= Iteration 21 / 100 =
Execution scenario (init part):
[add(-3), add(0)]
Execution scenario (parallel part):
| peek()  | add(9) | add(-4) |
| peek()  | peek() | add(-1) |
| add(-9) | add(2) | peek()  |
Execution scenario (post part):
[poll(), poll()]

= Iteration 22 / 100 =
Execution scenario (init part):
[poll(), peek()]
Execution scenario (parallel part):
| poll()  | peek() | poll() |
| add(8)  | peek() | add(6) |
| add(-3) | peek() | peek() |
Execution scenario (post part):
[add(-4), peek()]

= Iteration 23 / 100 =
Execution scenario (init part):
[poll(), peek()]
Execution scenario (parallel part):
| poll() | add(-6) | add(-7) |
| poll() | add(3)  | add(-4) |
| peek() | poll()  | add(-1) |
Execution scenario (post part):
[peek(), peek()]

= Iteration 24 / 100 =
Execution scenario (init part):
[peek(), peek()]
Execution scenario (parallel part):
| add(4) | poll()  | poll()  |
| poll() | peek()  | add(-3) |
| peek() | add(-4) | add(-7) |
Execution scenario (post part):
[add(-4), peek()]

= Iteration 25 / 100 =
Execution scenario (init part):
[poll(), add(-1)]
Execution scenario (parallel part):
| poll()  | add(-2) | poll() |
| add(-1) | add(10) | poll() |
| peek()  | peek()  | peek() |
Execution scenario (post part):
[peek(), poll()]

= Iteration 26 / 100 =
Execution scenario (init part):
[poll(), add(7)]
Execution scenario (parallel part):
| peek() | add(-4) | peek()  |
| peek() | add(0)  | add(-4) |
| poll() | add(8)  | add(-1) |
Execution scenario (post part):
[add(0), peek()]

= Iteration 27 / 100 =
Execution scenario (init part):
[add(-6), add(1)]
Execution scenario (parallel part):
| peek() | peek() | peek() |
| poll() | poll() | add(3) |
| add(9) | add(6) | add(6) |
Execution scenario (post part):
[poll(), poll()]

= Iteration 28 / 100 =
Execution scenario (init part):
[peek(), add(5)]
Execution scenario (parallel part):
| add(-9) | add(-4)  | add(-10) |
| peek()  | peek()   | poll()   |
| peek()  | add(-10) | add(-8)  |
Execution scenario (post part):
[peek(), add(-5)]

= Iteration 29 / 100 =
Execution scenario (init part):
[peek(), peek()]
Execution scenario (parallel part):
| add(0)  | add(-3) | peek() |
| poll()  | add(-2) | peek() |
| add(-6) | add(1)  | peek() |
Execution scenario (post part):
[add(3), poll()]

= Iteration 30 / 100 =
Execution scenario (init part):
[peek(), poll()]
Execution scenario (parallel part):
| poll()  | add(8) | add(-1) |
| add(-5) | peek() | add(2)  |
| poll()  | add(7) | peek()  |
Execution scenario (post part):
[add(-6), peek()]

= Iteration 31 / 100 =
Execution scenario (init part):
[add(0), peek()]
Execution scenario (parallel part):
| add(10) | peek() | poll()  |
| poll()  | add(7) | add(-9) |
| peek()  | poll() | peek()  |
Execution scenario (post part):
[add(-4), peek()]

= Iteration 32 / 100 =
Execution scenario (init part):
[peek(), peek()]
Execution scenario (parallel part):
| add(3)  | poll() | poll() |
| add(-5) | add(1) | add(4) |
| peek()  | peek() | peek() |
Execution scenario (post part):
[add(-6), add(6)]

= Iteration 33 / 100 =
Execution scenario (init part):
[peek(), add(-1)]
Execution scenario (parallel part):
| poll()  | poll() | poll()  |
| add(-8) | add(7) | add(-5) |
| peek()  | poll() | add(3)  |
Execution scenario (post part):
[poll(), add(-6)]

= Iteration 34 / 100 =
Execution scenario (init part):
[add(10), peek()]
Execution scenario (parallel part):
| poll() | peek()   | add(10) |
| poll() | peek()   | add(-5) |
| poll() | add(-10) | add(9)  |
Execution scenario (post part):
[peek(), poll()]

= Iteration 35 / 100 =
Execution scenario (init part):
[poll(), peek()]
Execution scenario (parallel part):
| peek() | peek() | add(-2) |
| peek() | poll() | add(4)  |
| peek() | poll() | add(5)  |
Execution scenario (post part):
[peek(), peek()]

= Iteration 36 / 100 =
Execution scenario (init part):
[peek(), peek()]
Execution scenario (parallel part):
| add(1) | poll()  | peek()  |
| poll() | poll()  | add(-4) |
| peek() | add(-1) | poll()  |
Execution scenario (post part):
[poll(), peek()]

= Iteration 37 / 100 =
Execution scenario (init part):
[peek(), poll()]
Execution scenario (parallel part):
| add(1)  | add(1) | add(-8) |
| add(10) | poll() | add(3)  |
| add(10) | peek() | add(3)  |
Execution scenario (post part):
[add(-1), poll()]

= Iteration 38 / 100 =
Execution scenario (init part):
[add(0), peek()]
Execution scenario (parallel part):
| add(-5) | add(5)  | add(-6) |
| poll()  | add(-6) | poll()  |
| peek()  | add(8)  | add(-9) |
Execution scenario (post part):
[poll(), add(2)]

= Iteration 39 / 100 =
Execution scenario (init part):
[peek(), add(6)]
Execution scenario (parallel part):
| add(-8) | poll() | peek() |
| poll()  | peek() | poll() |
| poll()  | peek() | peek() |
Execution scenario (post part):
[peek(), peek()]

= Iteration 40 / 100 =
Execution scenario (init part):
[add(-1), add(0)]
Execution scenario (parallel part):
| peek() | poll() | peek() |
| poll() | poll() | add(1) |
| poll() | poll() | poll() |
Execution scenario (post part):
[poll(), peek()]

= Iteration 41 / 100 =
Execution scenario (init part):
[peek(), add(-3)]
Execution scenario (parallel part):
| add(7) | add(9) | poll()  |
| peek() | peek() | add(7)  |
| add(1) | peek() | add(-6) |
Execution scenario (post part):
[peek(), peek()]

= Iteration 42 / 100 =
Execution scenario (init part):
[peek(), add(2)]
Execution scenario (parallel part):
| peek()  | add(9) | poll()  |
| poll()  | add(9) | peek()  |
| add(-2) | peek() | add(-9) |
Execution scenario (post part):
[poll(), add(-8)]

= Iteration 43 / 100 =
Execution scenario (init part):
[poll(), add(-5)]
Execution scenario (parallel part):
| peek() | peek()  | add(-9) |
| poll() | add(-1) | peek()  |
| peek() | add(-9) | peek()  |
Execution scenario (post part):
[add(3), poll()]

= Iteration 44 / 100 =
Execution scenario (init part):
[add(1), poll()]
Execution scenario (parallel part):
| peek()  | poll()  | add(-10) |
| add(-2) | add(-7) | peek()   |
| add(-4) | add(-8) | add(0)   |
Execution scenario (post part):
[add(7), poll()]

= Iteration 45 / 100 =
Execution scenario (init part):
[add(6), add(-7)]
Execution scenario (parallel part):
| poll()   | peek() | add(4) |
| poll()   | poll() | poll() |
| add(-10) | peek() | poll() |
Execution scenario (post part):
[poll(), add(5)]

= Iteration 46 / 100 =
Execution scenario (init part):
[peek(), poll()]
Execution scenario (parallel part):
| peek()  | poll() | add(-1) |
| add(-8) | add(8) | poll()  |
| poll()  | add(0) | poll()  |
Execution scenario (post part):
[add(-9), poll()]

= Iteration 47 / 100 =
Execution scenario (init part):
[add(10), poll()]
Execution scenario (parallel part):
| poll()  | add(3) | peek() |
| poll()  | peek() | poll() |
| add(-5) | poll() | peek() |
Execution scenario (post part):
[poll(), peek()]

= Iteration 48 / 100 =
Execution scenario (init part):
[poll(), add(-9)]
Execution scenario (parallel part):
| peek() | poll() | add(-9) |
| peek() | peek() | add(1)  |
| poll() | peek() | peek()  |
Execution scenario (post part):
[add(-7), peek()]

= Iteration 49 / 100 =
Execution scenario (init part):
[add(-6), poll()]
Execution scenario (parallel part):
| poll() | add(2) | peek()  |
| peek() | poll() | add(-3) |
| add(1) | poll() | peek()  |
Execution scenario (post part):
[poll(), peek()]

= Iteration 50 / 100 =
Execution scenario (init part):
[poll(), poll()]
Execution scenario (parallel part):
| add(4) | peek() | add(0) |
| peek() | add(8) | peek() |
| peek() | peek() | poll() |
Execution scenario (post part):
[poll(), add(-7)]

= Iteration 51 / 100 =
Execution scenario (init part):
[add(-10), poll()]
Execution scenario (parallel part):
| add(4) | poll()  | peek()  |
| poll() | add(-1) | add(-1) |
| add(1) | peek()  | peek()  |
Execution scenario (post part):
[add(-1), add(9)]

= Iteration 52 / 100 =
Execution scenario (init part):
[add(-8), peek()]
Execution scenario (parallel part):
| poll() | add(1) | add(-5) |
| poll() | peek() | poll()  |
| peek() | poll() | peek()  |
Execution scenario (post part):
[peek(), peek()]

= Iteration 53 / 100 =
Execution scenario (init part):
[peek(), add(-4)]
Execution scenario (parallel part):
| poll()  | poll() | add(-1) |
| add(6)  | poll() | peek()  |
| add(10) | peek() | peek()  |
Execution scenario (post part):
[poll(), add(10)]

= Iteration 54 / 100 =
Execution scenario (init part):
[add(-2), peek()]
Execution scenario (parallel part):
| add(9) | peek() | poll()  |
| peek() | add(5) | peek()  |
| poll() | poll() | add(-2) |
Execution scenario (post part):
[peek(), add(-8)]

= Iteration 55 / 100 =
Execution scenario (init part):
[peek(), add(-5)]
Execution scenario (parallel part):
| poll() | add(1) | poll() |
| add(6) | poll() | add(3) |
| poll() | poll() | poll() |
Execution scenario (post part):
[add(9), add(-7)]

= Iteration 56 / 100 =
Execution scenario (init part):
[peek(), add(-10)]
Execution scenario (parallel part):
| add(-1) | poll() | poll() |
| add(3)  | poll() | peek() |
| peek()  | add(5) | poll() |
Execution scenario (post part):
[poll(), add(-10)]

= Iteration 57 / 100 =
Execution scenario (init part):
[add(6), peek()]
Execution scenario (parallel part):
| poll() | poll() | peek()   |
| poll() | peek() | add(-3)  |
| add(8) | add(5) | add(-10) |
Execution scenario (post part):
[poll(), add(0)]

= Iteration 58 / 100 =
Execution scenario (init part):
[poll(), add(10)]
Execution scenario (parallel part):
| add(1) | add(1) | add(-3) |
| poll() | poll() | poll()  |
| peek() | poll() | poll()  |
Execution scenario (post part):
[peek(), add(-5)]

= Iteration 59 / 100 =
Execution scenario (init part):
[poll(), peek()]
Execution scenario (parallel part):
| add(-9) | add(1)   | poll() |
| peek()  | add(-10) | peek() |
| add(-3) | peek()   | poll() |
Execution scenario (post part):
[peek(), add(8)]

= Iteration 60 / 100 =
Execution scenario (init part):
[peek(), poll()]
Execution scenario (parallel part):
| poll() | poll() | peek()  |
| peek() | peek() | peek()  |
| poll() | peek() | add(-1) |
Execution scenario (post part):
[add(-3), poll()]

= Iteration 61 / 100 =
Execution scenario (init part):
[peek(), peek()]
Execution scenario (parallel part):
| peek()  | add(9) | poll() |
| add(-4) | poll() | add(6) |
| poll()  | peek() | peek() |
Execution scenario (post part):
[add(-5), peek()]

= Iteration 62 / 100 =
Execution scenario (init part):
[peek(), peek()]
Execution scenario (parallel part):
| poll()  | add(9) | poll() |
| poll()  | poll() | peek() |
| add(-8) | poll() | add(2) |
Execution scenario (post part):
[peek(), poll()]

= Iteration 63 / 100 =
Execution scenario (init part):
[add(-1), peek()]
Execution scenario (parallel part):
| peek() | poll() | add(-2) |
| poll() | poll() | add(2)  |
| peek() | poll() | peek()  |
Execution scenario (post part):
[add(5), poll()]

= Iteration 64 / 100 =
Execution scenario (init part):
[peek(), peek()]
Execution scenario (parallel part):
| poll() | add(-6) | add(4) |
| add(5) | add(9)  | peek() |
| peek() | poll()  | peek() |
Execution scenario (post part):
[add(9), add(-3)]

= Iteration 65 / 100 =
Execution scenario (init part):
[add(-6), add(-7)]
Execution scenario (parallel part):
| peek()  | poll()  | add(7) |
| add(-5) | add(10) | add(3) |
| peek()  | peek()  | peek() |
Execution scenario (post part):
[poll(), peek()]

= Iteration 66 / 100 =
Execution scenario (init part):
[peek(), add(-4)]
Execution scenario (parallel part):
| poll()  | peek() | peek() |
| add(-6) | poll() | poll() |
| add(-7) | add(8) | poll() |
Execution scenario (post part):
[poll(), poll()]

= Iteration 67 / 100 =
Execution scenario (init part):
[poll(), peek()]
Execution scenario (parallel part):
| peek() | poll()  | add(8) |
| poll() | add(3)  | poll() |
| add(1) | add(-4) | peek() |
Execution scenario (post part):
[poll(), poll()]

= Iteration 68 / 100 =
Execution scenario (init part):
[poll(), add(7)]
Execution scenario (parallel part):
| poll() | add(-1)  | add(-8) |
| peek() | add(-10) | poll()  |
| add(2) | poll()   | peek()  |
Execution scenario (post part):
[add(-8), poll()]

= Iteration 69 / 100 =
Execution scenario (init part):
[peek(), poll()]
Execution scenario (parallel part):
| peek() | add(0) | peek() |
| poll() | poll() | add(0) |
| add(6) | poll() | poll() |
Execution scenario (post part):
[poll(), peek()]

= Iteration 70 / 100 =
Execution scenario (init part):
[add(-9), peek()]
Execution scenario (parallel part):
| poll() | add(-5) | peek() |
| poll() | add(1)  | peek() |
| poll() | add(2)  | peek() |
Execution scenario (post part):
[poll(), add(-3)]

= Iteration 71 / 100 =
Execution scenario (init part):
[poll(), peek()]
Execution scenario (parallel part):
| poll() | poll() | add(-10) |
| peek() | add(0) | peek()   |
| peek() | add(9) | peek()   |
Execution scenario (post part):
[poll(), poll()]

= Iteration 72 / 100 =
Execution scenario (init part):
[add(-4), peek()]
Execution scenario (parallel part):
| poll() | add(-4) | add(10) |
| add(2) | add(-7) | poll()  |
| poll() | poll()  | peek()  |
Execution scenario (post part):
[add(2), add(3)]

= Iteration 73 / 100 =
Execution scenario (init part):
[peek(), poll()]
Execution scenario (parallel part):
| peek() | peek() | peek()  |
| add(2) | peek() | add(-7) |
| poll() | add(9) | add(3)  |
Execution scenario (post part):
[add(9), peek()]

= Iteration 74 / 100 =
Execution scenario (init part):
[poll(), add(-5)]
Execution scenario (parallel part):
| peek() | peek() | peek()  |
| peek() | peek() | add(-5) |
| poll() | poll() | add(2)  |
Execution scenario (post part):
[poll(), poll()]

= Iteration 75 / 100 =
Execution scenario (init part):
[peek(), add(5)]
Execution scenario (parallel part):
| poll() | add(5)  | add(2) |
| peek() | add(-8) | add(7) |
| poll() | poll()  | poll() |
Execution scenario (post part):
[peek(), poll()]

= Iteration 76 / 100 =
Execution scenario (init part):
[poll(), add(-9)]
Execution scenario (parallel part):
| peek() | add(-7) | add(2) |
| peek() | poll()  | peek() |
| peek() | add(2)  | poll() |
Execution scenario (post part):
[poll(), poll()]

= Iteration 77 / 100 =
Execution scenario (init part):
[peek(), peek()]
Execution scenario (parallel part):
| poll()  | poll() | peek() |
| add(-1) | add(0) | peek() |
| add(-6) | peek() | peek() |
Execution scenario (post part):
[poll(), add(-2)]

= Iteration 78 / 100 =
Execution scenario (init part):
[peek(), add(-3)]
Execution scenario (parallel part):
| poll()  | peek()  | poll() |
| poll()  | add(-1) | peek() |
| add(-7) | poll()  | add(9) |
Execution scenario (post part):
[add(-1), add(3)]

= Iteration 79 / 100 =
Execution scenario (init part):
[add(-3), peek()]
Execution scenario (parallel part):
| poll() | peek() | poll() |
| poll() | peek() | poll() |
| peek() | add(2) | peek() |
Execution scenario (post part):
[peek(), add(-1)]

= Iteration 80 / 100 =
Execution scenario (init part):
[add(-3), add(-2)]
Execution scenario (parallel part):
| peek() | add(-1) | peek() |
| add(3) | peek()  | poll() |
| peek() | peek()  | add(5) |
Execution scenario (post part):
[poll(), peek()]

= Iteration 81 / 100 =
Execution scenario (init part):
[peek(), peek()]
Execution scenario (parallel part):
| poll() | peek() | peek()  |
| poll() | peek() | add(8)  |
| add(0) | peek() | add(-1) |
Execution scenario (post part):
[add(7), poll()]

= Iteration 82 / 100 =
Execution scenario (init part):
[peek(), poll()]
Execution scenario (parallel part):
| poll() | add(-3) | add(1) |
| poll() | add(-5) | poll() |
| peek() | poll()  | add(8) |
Execution scenario (post part):
[poll(), add(-4)]

= Iteration 83 / 100 =
Execution scenario (init part):
[add(5), peek()]
Execution scenario (parallel part):
| poll() | add(6) | peek() |
| peek() | poll() | peek() |
| add(8) | poll() | add(1) |
Execution scenario (post part):
[add(-7), peek()]

= Iteration 84 / 100 =
Execution scenario (init part):
[add(6), poll()]
Execution scenario (parallel part):
| add(-4) | add(-9) | add(2) |
| add(-3) | add(-1) | peek() |
| poll()  | poll()  | peek() |
Execution scenario (post part):
[peek(), poll()]

= Iteration 85 / 100 =
Execution scenario (init part):
[add(0), peek()]
Execution scenario (parallel part):
| poll() | add(7) | add(10)  |
| poll() | poll() | add(5)   |
| peek() | peek() | add(-10) |
Execution scenario (post part):
[peek(), add(3)]

= Iteration 86 / 100 =
Execution scenario (init part):
[add(7), peek()]
Execution scenario (parallel part):
| poll()  | poll() | add(9) |
| add(-4) | peek() | peek() |
| peek()  | add(6) | peek() |
Execution scenario (post part):
[peek(), add(-3)]

= Iteration 87 / 100 =
Execution scenario (init part):
[poll(), poll()]
Execution scenario (parallel part):
| peek()  | add(9)  | add(-7) |
| poll()  | add(-2) | peek()  |
| add(-5) | peek()  | add(5)  |
Execution scenario (post part):
[poll(), peek()]

= Iteration 88 / 100 =
Execution scenario (init part):
[add(-10), peek()]
Execution scenario (parallel part):
| poll()  | add(-4) | peek() |
| add(-6) | peek()  | poll() |
| peek()  | poll()  | poll() |
Execution scenario (post part):
[peek(), peek()]

= Iteration 89 / 100 =
Execution scenario (init part):
[poll(), poll()]
Execution scenario (parallel part):
| peek() | poll() | add(-3) |
| poll() | poll() | poll()  |
| poll() | poll() | peek()  |
Execution scenario (post part):
[poll(), peek()]

= Iteration 90 / 100 =
Execution scenario (init part):
[peek(), add(-6)]
Execution scenario (parallel part):
| add(-10) | peek() | add(5) |
| add(0)   | poll() | poll() |
| poll()   | poll() | peek() |
Execution scenario (post part):
[add(5), peek()]

= Iteration 91 / 100 =
Execution scenario (init part):
[add(1), poll()]
Execution scenario (parallel part):
| peek() | add(10) | poll() |
| peek() | peek()  | peek() |
| peek() | peek()  | peek() |
Execution scenario (post part):
[add(10), peek()]

= Iteration 92 / 100 =
Execution scenario (init part):
[add(-1), peek()]
Execution scenario (parallel part):
| add(-4) | poll() | poll() |
| add(8)  | peek() | peek() |
| add(6)  | peek() | peek() |
Execution scenario (post part):
[poll(), poll()]

= Iteration 93 / 100 =
Execution scenario (init part):
[add(1), poll()]
Execution scenario (parallel part):
| add(-4) | poll()  | peek()  |
| poll()  | add(4)  | add(-7) |
| add(-4) | add(-9) | poll()  |
Execution scenario (post part):
[peek(), poll()]

= Iteration 94 / 100 =
Execution scenario (init part):
[peek(), poll()]
Execution scenario (parallel part):
| add(7) | add(0)  | peek() |
| add(2) | add(10) | poll() |
| peek() | add(0)  | poll() |
Execution scenario (post part):
[peek(), peek()]

= Iteration 95 / 100 =
Execution scenario (init part):
[poll(), add(-1)]
Execution scenario (parallel part):
| add(7)  | poll()  | peek() |
| add(-7) | poll()  | add(8) |
| add(3)  | add(10) | poll() |
Execution scenario (post part):
[peek(), peek()]

= Iteration 96 / 100 =
Execution scenario (init part):
[poll(), add(7)]
Execution scenario (parallel part):
| peek() | poll() | add(6) |
| add(3) | add(9) | poll() |
| add(5) | add(3) | poll() |
Execution scenario (post part):
[add(1), poll()]

= Iteration 97 / 100 =
Execution scenario (init part):
[add(8), peek()]
Execution scenario (parallel part):
| add(-9) | peek() | poll()  |
| add(-5) | poll() | add(-4) |
| peek()  | poll() | peek()  |
Execution scenario (post part):
[peek(), poll()]

= Iteration 98 / 100 =
Execution scenario (init part):
[peek(), poll()]
Execution scenario (parallel part):
| peek() | peek() | poll() |
| poll() | poll() | peek() |
| add(6) | peek() | poll() |
Execution scenario (post part):
[add(6), add(-9)]

= Iteration 99 / 100 =
Execution scenario (init part):
[peek(), poll()]
Execution scenario (parallel part):
| poll()  | poll() | poll() |
| add(-9) | add(2) | poll() |
| poll()  | poll() | peek() |
Execution scenario (post part):
[peek(), peek()]

= Iteration 100 / 100 =
Execution scenario (init part):
[poll(), add(-8)]
Execution scenario (parallel part):
| add(6)  | poll()  | add(-8) |
| add(-8) | add(-7) | add(-9) |
| peek()  | peek()  | poll()  |
Execution scenario (post part):
[add(-10), peek()]

= Iteration 1 / 100 =
Execution scenario (init part):
[add(2), peek(), peek(), poll(), poll()]
Execution scenario (parallel part):
| poll()  | poll() | add(6) |
| add(-6) | poll() | poll() |
| poll()  | poll() | peek() |
Execution scenario (post part):
[poll(), poll(), peek(), add(-8), poll()]

= Iteration 2 / 100 =
Execution scenario (init part):
[poll(), peek(), add(1), poll(), poll()]
Execution scenario (parallel part):
| poll() | peek()  | add(4) |
| peek() | add(-8) | poll() |
| poll() | poll()  | poll() |
Execution scenario (post part):
[poll(), poll(), poll(), add(5), poll()]

= Iteration 3 / 100 =
Execution scenario (init part):
[peek(), add(-4), poll(), peek(), poll()]
Execution scenario (parallel part):
| poll()  | peek() | add(-8) |
| peek()  | peek() | peek()  |
| add(-2) | peek() | add(-8) |
Execution scenario (post part):
[poll(), add(4), add(6), peek(), peek()]

= Iteration 4 / 100 =
Execution scenario (init part):
[poll(), add(1), peek(), poll(), peek()]
Execution scenario (parallel part):
| peek()   | add(4)  | add(0) |
| add(-10) | peek()  | poll() |
| peek()   | add(10) | poll() |
Execution scenario (post part):
[peek(), poll(), poll(), poll(), add(4)]

= Iteration 5 / 100 =
Execution scenario (init part):
[poll(), add(-9), peek(), peek(), peek()]
Execution scenario (parallel part):
| add(-7) | add(7)  | peek() |
| add(1)  | add(-8) | peek() |
| peek()  | add(6)  | peek() |
Execution scenario (post part):
[add(-4), peek(), add(9), add(-1), poll()]

= Iteration 6 / 100 =
Execution scenario (init part):
[peek(), add(10), add(4), add(7), add(-8)]
Execution scenario (parallel part):
| poll() | add(4)  | poll() |
| poll() | add(1)  | peek() |
| add(7) | add(-7) | add(4) |
Execution scenario (post part):
[peek(), peek(), poll(), peek(), peek()]

= Iteration 7 / 100 =
Execution scenario (init part):
[peek(), peek(), add(0), peek(), add(5)]
Execution scenario (parallel part):
| add(4) | add(9) | poll() |
| poll() | peek() | peek() |
| poll() | peek() | poll() |
Execution scenario (post part):
[peek(), add(7), add(4), poll(), add(3)]

= Iteration 8 / 100 =
Execution scenario (init part):
[poll(), peek(), peek(), poll(), poll()]
Execution scenario (parallel part):
| peek() | add(5) | peek() |
| poll() | poll() | poll() |
| peek() | peek() | add(9) |
Execution scenario (post part):
[poll(), poll(), poll(), peek(), peek()]

= Iteration 9 / 100 =
Execution scenario (init part):
[poll(), poll(), poll(), add(-3), peek()]
Execution scenario (parallel part):
| poll() | poll()   | add(3)  |
| poll() | add(-10) | add(-3) |
| poll() | poll()   | poll()  |
Execution scenario (post part):
[poll(), peek(), poll(), peek(), add(-4)]

= Iteration 10 / 100 =
Execution scenario (init part):
[peek(), poll(), add(10), peek(), peek()]
Execution scenario (parallel part):
| add(2) | peek() | add(8) |
| peek() | poll() | add(0) |
| peek() | poll() | peek() |
Execution scenario (post part):
[poll(), peek(), poll(), poll(), peek()]

= Iteration 11 / 100 =
Execution scenario (init part):
[add(0), peek(), peek(), poll(), peek()]
Execution scenario (parallel part):
| poll() | poll()  | peek() |
| add(1) | peek()  | peek() |
| poll() | add(-1) | poll() |
Execution scenario (post part):
[add(6), add(4), poll(), peek(), poll()]

= Iteration 12 / 100 =
Execution scenario (init part):
[peek(), add(9), poll(), add(3), add(-4)]
Execution scenario (parallel part):
| add(2) | poll() | add(-4) |
| peek() | peek() | poll()  |
| peek() | poll() | peek()  |
Execution scenario (post part):
[peek(), poll(), add(3), peek(), add(-5)]

= Iteration 13 / 100 =
Execution scenario (init part):
[peek(), poll(), poll(), peek(), add(0)]
Execution scenario (parallel part):
| add(-7) | add(7)  | poll() |
| add(-3) | add(10) | poll() |
| add(7)  | peek()  | poll() |
Execution scenario (post part):
[poll(), poll(), add(-8), add(-4), peek()]

= Iteration 14 / 100 =
Execution scenario (init part):
[poll(), poll(), poll(), peek(), add(1)]
Execution scenario (parallel part):
| poll() | poll()  | poll()  |
| poll() | peek()  | peek()  |
| peek() | add(-7) | add(-3) |
Execution scenario (post part):
[add(0), peek(), add(9), add(-4), peek()]

= Iteration 15 / 100 =
Execution scenario (init part):
[peek(), add(-1), add(-9), add(2), peek()]
Execution scenario (parallel part):
| poll() | poll() | poll() |
| peek() | poll() | peek() |
| poll() | add(8) | peek() |
Execution scenario (post part):
[add(6), add(-3), peek(), peek(), add(-4)]

= Iteration 16 / 100 =
Execution scenario (init part):
[peek(), poll(), peek(), poll(), add(-6)]
Execution scenario (parallel part):
| add(-7) | poll() | add(3) |
| add(-4) | peek() | poll() |
| add(-1) | peek() | peek() |
Execution scenario (post part):
[peek(), peek(), add(4), poll(), poll()]

= Iteration 17 / 100 =
Execution scenario (init part):
[poll(), peek(), add(-3), peek(), add(-4)]
Execution scenario (parallel part):
| add(-7) | add(-4) | peek()  |
| poll()  | add(-1) | poll()  |
| add(-2) | poll()  | add(-1) |
Execution scenario (post part):
[add(10), poll(), peek(), peek(), peek()]

= Iteration 18 / 100 =
Execution scenario (init part):
[peek(), poll(), poll(), add(7), peek()]
Execution scenario (parallel part):
| add(-4) | peek()  | peek() |
| add(0)  | add(-4) | poll() |
| add(8)  | add(-1) | add(0) |
Execution scenario (post part):
[peek(), add(-6), add(1), peek(), peek()]

= Iteration 19 / 100 =
Execution scenario (init part):
[peek(), poll(), poll(), add(3), add(9)]
Execution scenario (parallel part):
| add(6)  | add(6)  | poll()   |
| poll()  | peek()  | add(5)   |
| add(-9) | add(-4) | add(-10) |
Execution scenario (post part):
[peek(), peek(), poll(), peek(), add(-10)]

= Iteration 20 / 100 =
Execution scenario (init part):
[add(-8), peek(), add(-5), peek(), peek()]
Execution scenario (parallel part):
| add(0)  | add(-3) | peek() |
| poll()  | add(-2) | peek() |
| add(-6) | add(1)  | peek() |
Execution scenario (post part):
[add(3), poll(), peek(), poll(), poll()]

= Iteration 21 / 100 =
Execution scenario (init part):
[add(8), add(-1), add(-5), peek(), add(2)]
Execution scenario (parallel part):
| poll()  | add(7)  | peek() |
| add(-6) | peek()  | add(0) |
| peek()  | add(10) | peek() |
Execution scenario (post part):
[poll(), poll(), add(7), add(-9), peek()]

= Iteration 22 / 100 =
Execution scenario (init part):
[poll(), peek(), add(-4), peek(), peek()]
Execution scenario (parallel part):
| peek() | add(3)  | poll() |
| poll() | add(-5) | add(1) |
| add(4) | peek()  | peek() |
Execution scenario (post part):
[peek(), add(-6), add(6), peek(), add(-1)]

= Iteration 23 / 100 =
Execution scenario (init part):
[poll(), poll(), poll(), add(-8), add(7)]
Execution scenario (parallel part):
| add(-5) | peek() | poll()  |
| add(3)  | poll() | add(-6) |
| add(10) | peek() | poll()  |
Execution scenario (post part):
[peek(), add(10), poll(), peek(), add(-5)]

= Iteration 24 / 100 =
Execution scenario (init part):
[poll(), add(-10), add(9), peek(), poll()]
Execution scenario (parallel part):
| poll() | peek()  | peek() |
| peek() | add(-2) | peek() |
| poll() | add(4)  | peek() |
Execution scenario (post part):
[poll(), add(5), peek(), peek(), peek()]

= Iteration 25 / 100 =
Execution scenario (init part):
[peek(), add(1), poll(), peek(), poll()]
Execution scenario (parallel part):
| poll()  | add(-4) | peek() |
| add(-1) | poll()  | poll() |
| peek()  | peek()  | poll() |
Execution scenario (post part):
[add(1), add(1), add(-8), add(10), poll()]

= Iteration 26 / 100 =
Execution scenario (init part):
[add(3), add(10), peek(), add(3), add(-1)]
Execution scenario (parallel part):
| poll()  | add(0)  | peek()  |
| add(-5) | add(5)  | add(-6) |
| poll()  | add(-6) | poll()  |
Execution scenario (post part):
[peek(), add(8), add(-9), poll(), add(2)]

= Iteration 27 / 100 =
Execution scenario (init part):
[peek(), add(6), add(-8), poll(), peek()]
Execution scenario (parallel part):
| poll() | peek() | poll()  |
| poll() | peek() | peek()  |
| peek() | peek() | add(-1) |
Execution scenario (post part):
[add(0), peek(), poll(), peek(), poll()]

= Iteration 28 / 100 =
Execution scenario (init part):
[poll(), add(1), poll(), poll(), poll()]
Execution scenario (parallel part):
| poll()  | peek() | peek() |
| add(-3) | add(7) | add(9) |
| poll()  | peek() | peek() |
Execution scenario (post part):
[add(7), add(1), peek(), add(-6), peek()]

= Iteration 29 / 100 =
Execution scenario (init part):
[peek(), peek(), add(2), peek(), add(9)]
Execution scenario (parallel part):
| poll()  | poll()  | add(9)  |
| peek()  | add(-2) | peek()  |
| add(-9) | poll()  | add(-8) |
Execution scenario (post part):
[poll(), add(-5), peek(), peek(), add(-9)]

= Iteration 30 / 100 =
Execution scenario (init part):
[poll(), add(-1), peek(), peek(), add(-9)]
Execution scenario (parallel part):
| peek() | add(3)   | poll()  |
| add(1) | poll()   | peek()  |
| poll() | add(-10) | add(-2) |
Execution scenario (post part):
[add(-7), peek(), add(-4), add(-8), add(0)]

= Iteration 31 / 100 =
Execution scenario (init part):
[add(7), poll(), add(6), add(-7), poll()]
Execution scenario (parallel part):
| peek() | add(4) | poll()   |
| poll() | poll() | add(-10) |
| peek() | poll() | poll()   |
Execution scenario (post part):
[add(5), peek(), poll(), peek(), poll()]

= Iteration 32 / 100 =
Execution scenario (init part):
[add(-1), add(-8), add(8), poll(), poll()]
Execution scenario (parallel part):
| add(0) | poll()  | add(-9) |
| poll() | add(10) | poll()  |
| poll() | add(3)  | peek()  |
Execution scenario (post part):
[poll(), peek(), poll(), add(-5), poll()]

= Iteration 33 / 100 =
Execution scenario (init part):
[peek(), poll(), peek(), poll(), add(-9)]
Execution scenario (parallel part):
| peek() | poll() | add(-9) |
| peek() | peek() | add(1)  |
| poll() | peek() | peek()  |
Execution scenario (post part):
[add(-7), peek(), add(-6), poll(), poll()]

= Iteration 34 / 100 =
Execution scenario (init part):
[add(2), peek(), peek(), poll(), add(-3)]
Execution scenario (parallel part):
| add(1) | poll() | peek() |
| poll() | peek() | poll() |
| poll() | add(4) | peek() |
Execution scenario (post part):
[add(0), peek(), add(8), peek(), peek()]

= Iteration 35 / 100 =
Execution scenario (init part):
[peek(), poll(), poll(), add(-7), add(-10)]
Execution scenario (parallel part):
| poll()  | add(4) | poll()  |
| peek()  | poll() | add(-1) |
| add(-1) | add(1) | peek()  |
Execution scenario (post part):
[peek(), add(-1), add(9), add(-8), peek()]

= Iteration 36 / 100 =
Execution scenario (init part):
[poll(), add(1), add(-5), poll(), peek()]
Execution scenario (parallel part):
| poll() | peek()  | poll() |
| peek() | peek()  | peek() |
| peek() | add(-4) | poll() |
Execution scenario (post part):
[poll(), add(-1), add(6), poll(), peek()]

= Iteration 37 / 100 =
Execution scenario (init part):
[add(10), peek(), peek(), poll(), add(10)]
Execution scenario (parallel part):
| add(-2) | peek() | add(9) |
| peek()  | poll() | peek() |
| add(5)  | peek() | poll() |
Execution scenario (post part):
[poll(), add(-2), peek(), add(-8), peek()]

= Iteration 38 / 100 =
Execution scenario (init part):
[add(-5), poll(), add(1), poll(), add(6)]
Execution scenario (parallel part):
| poll()  | add(3) | poll()   |
| poll()  | poll() | add(9)   |
| add(-7) | peek() | add(-10) |
Execution scenario (post part):
[add(-1), poll(), poll(), add(3), poll()]

= Iteration 39 / 100 =
Execution scenario (init part):
[peek(), peek(), add(5), poll(), poll()]
Execution scenario (parallel part):
| add(-10) | add(6) | peek()  |
| poll()   | poll() | peek()  |
| poll()   | peek() | add(-3) |
Execution scenario (post part):
[add(8), add(5), add(-10), poll(), add(0)]

= Iteration 40 / 100 =
Execution scenario (init part):
[poll(), add(10), add(1), add(1), add(-3)]
Execution scenario (parallel part):
| poll() | poll()  | poll() |
| peek() | poll()  | poll() |
| peek() | add(-5) | poll() |
Execution scenario (post part):
[peek(), add(-9), add(1), poll(), peek()]

= Iteration 41 / 100 =
Execution scenario (init part):
[add(-10), peek(), add(-3), peek(), poll()]
Execution scenario (parallel part):
| peek() | add(8) | peek() |
| poll() | poll() | poll() |
| peek() | peek() | peek() |
Execution scenario (post part):
[peek(), poll(), peek(), add(-1), add(-3)]

= Iteration 42 / 100 =
Execution scenario (init part):
[poll(), peek(), peek(), peek(), add(9)]
Execution scenario (parallel part):
| poll() | add(-4) | poll() |
| add(6) | poll()  | peek() |
| peek() | add(-5) | peek() |
Execution scenario (post part):
[peek(), peek(), poll(), add(9), poll()]

= Iteration 43 / 100 =
Execution scenario (init part):
[poll(), poll(), peek(), add(-8), poll()]
Execution scenario (parallel part):
| add(2)  | peek()  | poll() |
| add(-1) | peek()  | peek() |
| poll()  | add(-2) | poll() |
Execution scenario (post part):
[poll(), add(2), peek(), poll(), peek()]

= Iteration 44 / 100 =
Execution scenario (init part):
[add(5), poll(), peek(), peek(), poll()]
Execution scenario (parallel part):
| add(-6) | add(4) | add(5) |
| add(9)  | peek() | peek() |
| poll()  | peek() | add(9) |
Execution scenario (post part):
[add(-3), add(-6), add(-7), peek(), poll()]

= Iteration 45 / 100 =
Execution scenario (init part):
[add(7), add(-5), add(10), add(3), peek()]
Execution scenario (parallel part):
| peek() | peek() | poll()  |
| peek() | peek() | add(-4) |
| poll() | peek() | peek()  |
Execution scenario (post part):
[add(-6), poll(), poll(), add(-7), add(8)]

= Iteration 46 / 100 =
Execution scenario (init part):
[poll(), poll(), poll(), poll(), peek()]
Execution scenario (parallel part):
| peek() | poll()  | add(8) |
| poll() | add(3)  | poll() |
| add(1) | add(-4) | peek() |
Execution scenario (post part):
[poll(), poll(), poll(), add(7), poll()]

= Iteration 47 / 100 =
Execution scenario (init part):
[add(-1), add(-8), peek(), add(-10), poll()]
Execution scenario (parallel part):
| add(2)  | poll() | peek() |
| add(-8) | poll() | peek() |
| poll()  | peek() | add(0) |
Execution scenario (post part):
[peek(), poll(), poll(), add(0), add(6)]

= Iteration 48 / 100 =
Execution scenario (init part):
[poll(), poll(), poll(), peek(), add(-9)]
Execution scenario (parallel part):
| peek() | poll() | add(-5) |
| peek() | poll() | add(1)  |
| peek() | poll() | add(2)  |
Execution scenario (post part):
[peek(), poll(), add(-3), poll(), peek()]

= Iteration 49 / 100 =
Execution scenario (init part):
[poll(), poll(), add(-10), peek(), add(0)]
Execution scenario (parallel part):
| peek()  | peek() | add(9) |
| peek()  | poll() | poll() |
| add(-4) | peek() | poll() |
Execution scenario (post part):
[add(-4), add(10), add(2), add(-7), poll()]

= Iteration 50 / 100 =
Execution scenario (init part):
[poll(), poll(), peek(), add(2), add(3)]
Execution scenario (parallel part):
| peek() | poll()  | peek() |
| peek() | peek()  | add(2) |
| peek() | add(-7) | poll() |
Execution scenario (post part):
[add(9), add(3), add(9), peek(), poll()]

= Iteration 51 / 100 =
Execution scenario (init part):
[add(-5), peek(), peek(), peek(), peek()]
Execution scenario (parallel part):
| peek() | add(-5) | poll() |
| poll() | add(2)  | poll() |
| poll() | peek()  | add(5) |
Execution scenario (post part):
[poll(), add(5), add(2), peek(), add(-8)]

= Iteration 52 / 100 =
Execution scenario (init part):
[add(7), poll(), poll(), poll(), peek()]
Execution scenario (parallel part):
| poll() | poll()  | add(-9) |
| peek() | add(-7) | add(2)  |
| peek() | poll()  | peek()  |
Execution scenario (post part):
[peek(), add(2), poll(), poll(), poll()]

= Iteration 53 / 100 =
Execution scenario (init part):
[peek(), peek(), poll(), poll(), peek()]
Execution scenario (parallel part):
| add(-1) | add(0)  | peek() |
| add(-6) | peek()  | peek() |
| poll()  | add(-2) | peek() |
Execution scenario (post part):
[add(-3), poll(), peek(), poll(), poll()]

= Iteration 54 / 100 =
Execution scenario (init part):
[add(-1), peek(), add(-7), poll(), add(9)]
Execution scenario (parallel part):
| add(-1) | add(3) | add(-3) |
| peek()  | poll() | peek()  |
| poll()  | poll() | peek()  |
Execution scenario (post part):
[poll(), peek(), add(2), peek(), peek()]

= Iteration 55 / 100 =
Execution scenario (init part):
[add(-1), add(-3), add(-2), peek(), add(-1)]
Execution scenario (parallel part):
| peek() | add(3) | peek() |
| poll() | peek() | peek() |
| add(5) | poll() | peek() |
Execution scenario (post part):
[peek(), peek(), poll(), peek(), peek()]

= Iteration 56 / 100 =
Execution scenario (init part):
[poll(), peek(), add(8), add(0), peek()]
Execution scenario (parallel part):
| add(-1) | add(7) | poll() |
| peek()  | poll() | poll() |
| add(-3) | add(1) | poll() |
Execution scenario (post part):
[add(-5), poll(), peek(), poll(), add(8)]

= Iteration 57 / 100 =
Execution scenario (init part):
[poll(), add(-4), add(5), peek(), poll()]
Execution scenario (parallel part):
| add(6) | peek() | peek()  |
| poll() | peek() | add(8)  |
| poll() | add(1) | add(-7) |
Execution scenario (post part):
[peek(), add(6), poll(), add(-4), add(-9)]

= Iteration 58 / 100 =
Execution scenario (init part):
[add(2), add(-3), add(-1), peek(), poll()]
Execution scenario (parallel part):
| poll() | peek() | peek()  |
| poll() | add(0) | peek()  |
| poll() | add(7) | add(10) |
Execution scenario (post part):
[poll(), poll(), add(5), peek(), peek()]

= Iteration 59 / 100 =
Execution scenario (init part):
[add(-10), peek(), add(3), add(7), peek()]
Execution scenario (parallel part):
| poll()  | poll() | add(9) |
| add(-4) | peek() | peek() |
| peek()  | add(6) | peek() |
Execution scenario (post part):
[peek(), add(-3), poll(), poll(), peek()]

= Iteration 60 / 100 =
Execution scenario (init part):
[add(9), add(-7), poll(), add(-2), peek()]
Execution scenario (parallel part):
| add(-5) | peek() | add(5)   |
| poll()  | peek() | add(-10) |
| peek()  | poll() | add(-4)  |
Execution scenario (post part):
[peek(), add(-6), peek(), poll(), peek()]

= Iteration 61 / 100 =
Execution scenario (init part):
[poll(), poll(), peek(), peek(), poll()]
Execution scenario (parallel part):
| poll()  | peek() | poll() |
| add(-3) | poll() | poll() |
| poll()  | poll() | poll() |
Execution scenario (post part):
[peek(), poll(), peek(), peek(), add(-6)]

= Iteration 62 / 100 =
Execution scenario (init part):
[add(-10), peek(), add(5), add(0), poll()]
Execution scenario (parallel part):
| poll() | poll() | poll() |
| peek() | add(5) | peek() |
| add(1) | poll() | peek() |
Execution scenario (post part):
[add(10), poll(), peek(), peek(), peek()]

= Iteration 63 / 100 =
Execution scenario (init part):
[peek(), peek(), peek(), add(10), peek()]
Execution scenario (parallel part):
| add(-1) | peek() | add(-4) |
| poll()  | poll() | add(8)  |
| peek()  | peek() | add(6)  |
Execution scenario (post part):
[peek(), peek(), poll(), poll(), add(1)]

= Iteration 64 / 100 =
Execution scenario (init part):
[poll(), add(-4), poll(), peek(), poll()]
Execution scenario (parallel part):
| add(4)  | add(-7) | add(-4) |
| add(-9) | poll()  | peek()  |
| poll()  | peek()  | poll()  |
Execution scenario (post part):
[add(7), add(0), peek(), add(2), add(10)]

= Iteration 65 / 100 =
Execution scenario (init part):
[poll(), peek(), add(0), poll(), peek()]
Execution scenario (parallel part):
| peek()  | poll() | add(-1) |
| add(7)  | poll() | peek()  |
| add(-7) | poll() | add(8)  |
Execution scenario (post part):
[add(3), add(10), poll(), peek(), peek()]

= Iteration 66 / 100 =
Execution scenario (init part):
[poll(), add(7), peek(), poll(), add(6)]
Execution scenario (parallel part):
| add(3) | add(9) | poll() |
| add(5) | add(3) | poll() |
| add(1) | poll() | add(8) |
Execution scenario (post part):
[peek(), add(-9), peek(), poll(), add(-5)]

= Iteration 67 / 100 =
Execution scenario (init part):
[poll(), add(-4), peek(), poll(), peek()]
Execution scenario (parallel part):
| peek() | poll() | peek() |
| poll() | peek() | peek() |
| poll() | poll() | poll() |
Execution scenario (post part):
[peek(), add(6), peek(), poll(), add(6)]

= Iteration 68 / 100 =
Execution scenario (init part):
[add(-9), peek(), poll(), poll(), poll()]
Execution scenario (parallel part):
| poll() | add(-9) | add(2) |
| poll() | poll()  | poll() |
| peek() | peek()  | peek() |
Execution scenario (post part):
[poll(), add(-8), add(6), poll(), add(-8)]

= Iteration 69 / 100 =
Execution scenario (init part):
[add(-8), add(-7), add(-9), peek(), peek()]
Execution scenario (parallel part):
| poll() | add(-10) | peek()  |
| poll() | poll()   | add(10) |
| add(7) | poll()   | poll()  |
Execution scenario (post part):
[poll(), peek(), peek(), add(-6), peek()]

= Iteration 70 / 100 =
Execution scenario (init part):
[poll(), peek(), add(3), add(-2), peek()]
Execution scenario (parallel part):
| peek() | poll() | add(5) |
| peek() | poll() | peek() |
| poll() | add(8) | add(8) |
Execution scenario (post part):
[add(-4), add(4), poll(), add(-7), add(-4)]

= Iteration 71 / 100 =
Execution scenario (init part):
[poll(), peek(), peek(), add(-3), peek()]
Execution scenario (parallel part):
| add(2) | poll()  | peek() |
| poll() | add(8)  | peek() |
| add(4) | add(-7) | peek() |
Execution scenario (post part):
[peek(), add(-3), peek(), peek(), poll()]

= Iteration 72 / 100 =
Execution scenario (init part):
[peek(), peek(), poll(), peek(), poll()]
Execution scenario (parallel part):
| peek()  | poll() | add(-4) |
| add(-1) | poll() | poll()  |
| poll()  | add(8) | add(4)  |
Execution scenario (post part):
[peek(), add(-1), peek(), add(4), peek()]

= Iteration 73 / 100 =
Execution scenario (init part):
[add(3), add(5), add(8), poll(), add(7)]
Execution scenario (parallel part):
| peek() | add(-10) | peek() |
| peek() | poll()   | poll() |
| poll() | add(-6)  | poll() |
Execution scenario (post part):
[peek(), add(8), poll(), peek(), peek()]

= Iteration 74 / 100 =
Execution scenario (init part):
[poll(), add(-7), peek(), peek(), peek()]
Execution scenario (parallel part):
| add(10) | add(-3) | peek()  |
| peek()  | add(1)  | poll()  |
| poll()  | poll()  | add(-9) |
Execution scenario (post part):
[peek(), peek(), add(1), peek(), peek()]

= Iteration 75 / 100 =
Execution scenario (init part):
[poll(), peek(), poll(), peek(), peek()]
Execution scenario (parallel part):
| add(7)  | add(3) | peek() |
| add(3)  | poll() | poll() |
| add(-3) | add(9) | poll() |
Execution scenario (post part):
[add(-10), add(8), add(-9), peek(), add(-5)]

= Iteration 76 / 100 =
Execution scenario (init part):
[add(9), poll(), poll(), add(10), poll()]
Execution scenario (parallel part):
| poll()  | poll() | peek() |
| add(-8) | peek() | poll() |
| peek()  | peek() | poll() |
Execution scenario (post part):
[poll(), poll(), poll(), peek(), add(-10)]

= Iteration 77 / 100 =
Execution scenario (init part):
[peek(), poll(), poll(), poll(), add(-5)]
Execution scenario (parallel part):
| poll() | peek() | add(-8) |
| peek() | poll() | peek()  |
| poll() | add(4) | peek()  |
Execution scenario (post part):
[add(-8), add(-6), poll(), add(6), poll()]

= Iteration 78 / 100 =
Execution scenario (init part):
[add(-4), poll(), poll(), poll(), poll()]
Execution scenario (parallel part):
| add(2)  | peek()  | peek() |
| add(-7) | add(10) | poll() |
| peek()  | add(-3) | peek() |
Execution scenario (post part):
[add(9), peek(), poll(), add(5), add(2)]

= Iteration 79 / 100 =
Execution scenario (init part):
[poll(), peek(), peek(), peek(), peek()]
Execution scenario (parallel part):
| add(6) | poll() | peek() |
| peek() | poll() | poll() |
| poll() | add(8) | add(6) |
Execution scenario (post part):
[add(-9), add(-3), poll(), add(-4), add(0)]

= Iteration 80 / 100 =
Execution scenario (init part):
[poll(), peek(), peek(), poll(), add(8)]
Execution scenario (parallel part):
| add(-8) | peek()  | add(10) |
| add(-7) | peek()  | add(3)  |
| poll()  | add(-4) | poll()  |
Execution scenario (post part):
[poll(), peek(), add(3), add(5), peek()]

= Iteration 81 / 100 =
Execution scenario (init part):
[add(-8), poll(), peek(), add(-4), peek()]
Execution scenario (parallel part):
| add(-5) | peek() | peek() |
| peek()  | peek() | poll() |
| poll()  | add(2) | poll() |
Execution scenario (post part):
[add(3), add(-3), poll(), add(-7), poll()]

= Iteration 82 / 100 =
Execution scenario (init part):
[add(-8), poll(), poll(), peek(), add(-10)]
Execution scenario (parallel part):
| add(-3) | poll() | add(6) |
| poll()  | poll() | poll() |
| poll()  | peek() | peek() |
Execution scenario (post part):
[poll(), peek(), add(2), poll(), peek()]

= Iteration 83 / 100 =
Execution scenario (init part):
[add(-9), poll(), peek(), add(-1), peek()]
Execution scenario (parallel part):
| add(-8) | peek()  | peek() |
| peek()  | poll()  | add(2) |
| add(-5) | add(-9) | peek() |
Execution scenario (post part):
[poll(), poll(), poll(), poll(), poll()]

= Iteration 84 / 100 =
Execution scenario (init part):
[peek(), peek(), poll(), add(7), poll()]
Execution scenario (parallel part):
| poll()  | poll() | peek()  |
| add(-1) | peek() | add(-4) |
| peek()  | add(5) | peek()  |
Execution scenario (post part):
[peek(), add(-6), poll(), peek(), add(-7)]

= Iteration 85 / 100 =
Execution scenario (init part):
[poll(), peek(), poll(), add(2), add(2)]
Execution scenario (parallel part):
| poll() | poll() | peek() |
| peek() | poll() | peek() |
| poll() | peek() | poll() |
Execution scenario (post part):
[poll(), peek(), add(-1), peek(), peek()]

= Iteration 86 / 100 =
Execution scenario (init part):
[add(1), add(-7), peek(), add(8), add(-5)]
Execution scenario (parallel part):
| peek() | poll() | add(3) |
| poll() | poll() | add(8) |
| poll() | add(4) | add(4) |
Execution scenario (post part):
[poll(), peek(), poll(), poll(), peek()]

= Iteration 87 / 100 =
Execution scenario (init part):
[peek(), add(-2), add(2), add(-9), poll()]
Execution scenario (parallel part):
| poll()  | add(-8) | add(4)  |
| add(-7) | poll()  | peek()  |
| peek()  | poll()  | add(-3) |
Execution scenario (post part):
[peek(), add(7), peek(), peek(), peek()]

= Iteration 88 / 100 =
Execution scenario (init part):
[peek(), poll(), peek(), add(3), peek()]
Execution scenario (parallel part):
| peek()  | peek() | peek() |
| add(-5) | add(2) | poll() |
| poll()  | add(2) | poll() |
Execution scenario (post part):
[add(8), poll(), poll(), poll(), poll()]

= Iteration 89 / 100 =
Execution scenario (init part):
[add(-5), add(4), peek(), peek(), add(2)]
Execution scenario (parallel part):
| poll()  | poll() | peek()  |
| add(10) | peek() | add(-4) |
| add(-2) | peek() | poll()  |
Execution scenario (post part):
[peek(), add(-7), add(1), add(1), peek()]

= Iteration 90 / 100 =
Execution scenario (init part):
[add(2), add(0), peek(), poll(), add(1)]
Execution scenario (parallel part):
| peek() | peek()  | poll() |
| peek() | add(-9) | poll() |
| peek() | peek()  | add(4) |
Execution scenario (post part):
[add(-4), poll(), peek(), poll(), peek()]

= Iteration 91 / 100 =
Execution scenario (init part):
[poll(), add(-8), peek(), add(3), peek()]
Execution scenario (parallel part):
| peek() | peek()  | add(7)   |
| add(0) | add(-5) | add(-10) |
| poll() | peek()  | add(-3)  |
Execution scenario (post part):
[add(7), poll(), poll(), poll(), add(-10)]

= Iteration 92 / 100 =
Execution scenario (init part):
[add(-9), add(0), add(-1), poll(), peek()]
Execution scenario (parallel part):
| poll()  | peek() | peek() |
| add(10) | add(3) | peek() |
| peek()  | add(3) | peek() |
Execution scenario (post part):
[peek(), poll(), poll(), add(-10), peek()]

= Iteration 93 / 100 =
Execution scenario (init part):
[peek(), peek(), peek(), add(9), poll()]
Execution scenario (parallel part):
| add(8) | add(-2) | peek()  |
| peek() | poll()  | add(-2) |
| add(8) | peek()  | poll()  |
Execution scenario (post part):
[peek(), add(-6), poll(), poll(), poll()]

= Iteration 94 / 100 =
Execution scenario (init part):
[peek(), add(3), poll(), peek(), poll()]
Execution scenario (parallel part):
| poll() | add(10) | peek()   |
| poll() | add(5)  | peek()   |
| poll() | poll()  | add(-10) |
Execution scenario (post part):
[poll(), add(7), poll(), add(-3), poll()]

= Iteration 95 / 100 =
Execution scenario (init part):
[peek(), peek(), poll(), add(-5), poll()]
Execution scenario (parallel part):
| poll() | peek() | poll() |
| peek() | poll() | poll() |
| poll() | add(0) | poll() |
Execution scenario (post part):
[peek(), add(-8), peek(), add(7), add(-4)]

= Iteration 96 / 100 =
Execution scenario (init part):
[add(9), poll(), add(5), peek(), peek()]
Execution scenario (parallel part):
| add(0) | add(-10) | poll() |
| peek() | peek()   | poll() |
| poll() | peek()   | peek() |
Execution scenario (post part):
[poll(), poll(), peek(), add(-9), add(-6)]

= Iteration 97 / 100 =
Execution scenario (init part):
[peek(), peek(), poll(), poll(), poll()]
Execution scenario (parallel part):
| add(-6) | poll() | add(10) |
| peek()  | poll() | poll()  |
| poll()  | add(4) | peek()  |
Execution scenario (post part):
[poll(), poll(), peek(), add(8), peek()]

= Iteration 98 / 100 =
Execution scenario (init part):
[poll(), poll(), add(2), poll(), peek()]
Execution scenario (parallel part):
| poll() | peek()  | peek() |
| peek() | add(10) | poll() |
| add(5) | poll()  | poll() |
Execution scenario (post part):
[add(-8), poll(), add(6), poll(), poll()]

= Iteration 99 / 100 =
Execution scenario (init part):
[peek(), poll(), peek(), add(-8), add(5)]
Execution scenario (parallel part):
| peek()  | add(2)  | poll() |
| add(2)  | poll()  | add(0) |
| add(-6) | add(-4) | peek() |
Execution scenario (post part):
[poll(), poll(), add(5), poll(), add(-4)]

= Iteration 100 / 100 =
Execution scenario (init part):
[peek(), peek(), peek(), peek(), add(-9)]
Execution scenario (parallel part):
| add(-5) | poll() | add(-7) |
| peek()  | peek() | poll()  |
| poll()  | add(8) | poll()  |
Execution scenario (post part):
[poll(), add(-8), peek(), add(-3), poll()]
]]></system-out>
  <system-err><![CDATA[]]></system-err>
</testsuite>
